31.05.2022 03:34:05: <<<<< VISION CLIENT START >>>>>
31.05.2022 03:34:05: Loading C:\TCAFiles\Users\thomas3\124955\@infiSTAR_A3_vision\config.vision
31.05.2022 03:34:05: Successfully loaded C:\TCAFiles\Users\thomas3\124955\@infiSTAR_A3_vision\config.vision
31.05.2022 03:34:05: Operating System: Microsoft Windows Server 2019 Standard
31.05.2022 03:34:05: ArmA Process START: 5/31/2022 3:32:53 AM
31.05.2022 03:34:05: ArmA Process ID: 9832
31.05.2022 03:34:05: GET CPU_USEAGE ERROR: Access to the registry key 'Global' is denied.
31.05.2022 03:34:05: CommandLine: "C:\TCAFiles\Users\thomas3\124955\arma3server.exe" -ip=144.48.104.156 -port=2326 -noPause -noSound -exThreads=7 "-cfg=A3DS\basic.cfg" -ranking="" -par="" "-config=A3DS\server.cfg" "-profiles=A3DS" "-servermod=@extDB3;@infiSTAR_A3_vision" "-mod=@CBA_A3;@CUP Terrains - Core;@CUP Terrains - Maps;@CUP Units;@CUP Vehicles;@CUP Weapons;@RHSAFRF;@RHSGREF;@RHSUSAF" -malloc=tbb4malloc_bi -enableHT -world=empty -autoinit -filepatching -maxMem=8192
31.05.2022 03:43:08: <<<<< VISION CLIENT START >>>>>
31.05.2022 03:43:08: Loading C:\TCAFiles\Users\thomas3\124955\@infiSTAR_A3_vision\config.vision
31.05.2022 03:43:08: Successfully loaded C:\TCAFiles\Users\thomas3\124955\@infiSTAR_A3_vision\config.vision
31.05.2022 03:43:08: Operating System: Microsoft Windows Server 2019 Standard
31.05.2022 03:43:08: ArmA Process START: 5/31/2022 3:41:57 AM
31.05.2022 03:43:08: ArmA Process ID: 8676
31.05.2022 03:43:08: GET CPU_USEAGE ERROR: Access to the registry key 'Global' is denied.
31.05.2022 03:43:08: CommandLine: "C:\TCAFiles\Users\thomas3\124955\arma3server.exe" -ip=144.48.104.156 -port=2326 -noPause -noSound -exThreads=7 "-cfg=A3DS\basic.cfg" -ranking="" -par="" "-config=A3DS\server.cfg" "-profiles=A3DS" "-servermod=@extDB3;@infiSTAR_A3_vision" "-mod=@CBA_A3;@CUP Terrains - Core;@CUP Terrains - Maps;@CUP Units;@CUP Vehicles;@CUP Weapons;@RHSAFRF;@RHSGREF;@RHSUSAF" -malloc=tbb4malloc_bi -enableHT -world=empty -autoinit -filepatching -maxMem=8192
31.05.2022 04:19:20: <<<<< VISION CLIENT START >>>>>
31.05.2022 04:19:20: Loading C:\TCAFiles\Users\thomas3\124955\@infiSTAR_A3_vision\config.vision
31.05.2022 04:19:20: Successfully loaded C:\TCAFiles\Users\thomas3\124955\@infiSTAR_A3_vision\config.vision
31.05.2022 04:19:20: Operating System: Microsoft Windows Server 2019 Standard
31.05.2022 04:19:20: ArmA Process START: 5/31/2022 4:17:53 AM
31.05.2022 04:19:20: ArmA Process ID: 17728
31.05.2022 04:19:20: GET CPU_USEAGE ERROR: Access to the registry key 'Global' is denied.
31.05.2022 04:19:20: CommandLine: "C:\TCAFiles\Users\thomas3\124955\arma3server.exe" -ip=144.48.104.156 -port=2326 -noPause -noSound -exThreads=7 "-cfg=A3DS\basic.cfg" -ranking="" -par="" "-config=A3DS\server.cfg" "-profiles=A3DS" "-servermod=@extDB3;@infiSTAR_A3_vision" "-mod=@CBA_A3;@CUP Terrains - Core;@CUP Terrains - Maps;@CUP Units;@CUP Vehicles;@CUP Weapons;@RHSAFRF;@RHSGREF;@RHSUSAF" -malloc=tbb4malloc_bi -enableHT -world=empty -autoinit -filepatching -maxMem=8192
31.05.2022 04:44:23: <<<<< VISION CLIENT START >>>>>
31.05.2022 04:44:23: Loading C:\TCAFiles\Users\thomas3\124955\@infiSTAR_A3_vision\config.vision
31.05.2022 04:44:23: Successfully loaded C:\TCAFiles\Users\thomas3\124955\@infiSTAR_A3_vision\config.vision
31.05.2022 04:44:23: Operating System: Microsoft Windows Server 2019 Standard
31.05.2022 04:44:23: ArmA Process START: 5/31/2022 4:43:02 AM
31.05.2022 04:44:23: ArmA Process ID: 8528
31.05.2022 04:44:23: GET CPU_USEAGE ERROR: Access to the registry key 'Global' is denied.
31.05.2022 04:44:23: CommandLine: "C:\TCAFiles\Users\thomas3\124955\arma3server.exe" -ip=144.48.104.156 -port=2326 -noPause -noSound -exThreads=7 "-cfg=A3DS\basic.cfg" -ranking="" -par="" "-config=A3DS\server.cfg" "-profiles=A3DS" "-servermod=@extDB3;@infiSTAR_A3_vision" "-mod=@CBA_A3;@CUP Terrains - Core;@CUP Terrains - Maps;@CUP Units;@CUP Vehicles;@CUP Weapons;@RHSAFRF;@RHSGREF;@RHSUSAF" -malloc=tbb4malloc_bi -enableHT -world=empty -autoinit -filepatching -maxMem=8192
31.05.2022 04:50:33: <<<<< VISION CLIENT START >>>>>
31.05.2022 04:50:33: Loading C:\TCAFiles\Users\thomas3\124955\@infiSTAR_A3_vision\config.vision
31.05.2022 04:50:33: Successfully loaded C:\TCAFiles\Users\thomas3\124955\@infiSTAR_A3_vision\config.vision
31.05.2022 04:50:33: Operating System: Microsoft Windows Server 2019 Standard
31.05.2022 04:50:33: ArmA Process START: 5/31/2022 4:49:17 AM
31.05.2022 04:50:33: ArmA Process ID: 13908
31.05.2022 04:50:33: GET CPU_USEAGE ERROR: Access to the registry key 'Global' is denied.
31.05.2022 04:50:33: CommandLine: "C:\TCAFiles\Users\thomas3\124955\arma3server.exe" -ip=144.48.104.156 -port=2326 -noPause -noSound -exThreads=7 "-cfg=A3DS\basic.cfg" -ranking="" -par="" "-config=A3DS\server.cfg" "-profiles=A3DS" "-servermod=@extDB3;@infiSTAR_A3_vision" "-mod=@CBA_A3;@CUP Terrains - Core;@CUP Terrains - Maps;@CUP Units;@CUP Vehicles;@CUP Weapons;@RHSAFRF;@RHSGREF;@RHSUSAF" -malloc=tbb4malloc_bi -enableHT -world=empty -autoinit -filepatching -maxMem=8192
31.05.2022 04:57:38: <<<<< VISION CLIENT START >>>>>
31.05.2022 04:57:38: Loading C:\TCAFiles\Users\thomas3\124955\@infiSTAR_A3_vision\config.vision
31.05.2022 04:57:38: Successfully loaded C:\TCAFiles\Users\thomas3\124955\@infiSTAR_A3_vision\config.vision
31.05.2022 04:57:38: Operating System: Microsoft Windows Server 2019 Standard
31.05.2022 04:57:38: ArmA Process START: 5/31/2022 4:56:14 AM
31.05.2022 04:57:38: ArmA Process ID: 16616
31.05.2022 04:57:38: GET CPU_USEAGE ERROR: Access to the registry key 'Global' is denied.
31.05.2022 04:57:38: CommandLine: "C:\TCAFiles\Users\thomas3\124955\arma3server.exe" -ip=144.48.104.156 -port=2326 -noPause -noSound -exThreads=7 "-cfg=A3DS\basic.cfg" -ranking="" -par="" "-config=A3DS\server.cfg" "-profiles=A3DS" "-servermod=@extDB3;@infiSTAR_A3_vision" "-mod=@CBA_A3;@CUP Terrains - Core;@CUP Terrains - Maps;@CUP Units;@CUP Vehicles;@CUP Weapons;@RHSAFRF;@RHSGREF;@RHSUSAF" -malloc=tbb4malloc_bi -enableHT -world=empty -autoinit -filepatching -maxMem=8192
31.05.2022 10:33:33: <<<<< VISION CLIENT START >>>>>
31.05.2022 10:33:33: Loading C:\TCAFiles\Users\thomas3\124955\@infiSTAR_A3_vision\config.vision
31.05.2022 10:33:33: Successfully loaded C:\TCAFiles\Users\thomas3\124955\@infiSTAR_A3_vision\config.vision
31.05.2022 10:33:33: Operating System: Microsoft Windows Server 2019 Standard
31.05.2022 10:33:33: ArmA Process START: 5/31/2022 10:32:20 AM
31.05.2022 10:33:33: ArmA Process ID: 11320
31.05.2022 10:33:33: GET CPU_USEAGE ERROR: Access to the registry key 'Global' is denied.
31.05.2022 10:33:33: CommandLine: "C:\TCAFiles\Users\thomas3\124955\arma3server.exe" -ip=144.48.104.156 -port=2326 -noPause -noSound -exThreads=7 "-cfg=A3DS\basic.cfg" -ranking="" -par="" "-config=A3DS\server.cfg" "-profiles=A3DS" "-servermod=@extDB3;@infiSTAR_A3_vision" "-mod=@CBA_A3;@CUP Terrains - Core;@CUP Terrains - Maps;@CUP Units;@CUP Vehicles;@CUP Weapons;@RHSAFRF;@RHSGREF;@RHSUSAF" -malloc=tbb4malloc_bi -enableHT -world=empty -autoinit -filepatching -maxMem=8192
31.05.2022 16:52:10: <<<<< VISION CLIENT START >>>>>
31.05.2022 16:52:10: Loading C:\TCAFiles\Users\thomas3\124955\@infiSTAR_A3_vision\config.vision
31.05.2022 16:52:10: Successfully loaded C:\TCAFiles\Users\thomas3\124955\@infiSTAR_A3_vision\config.vision
31.05.2022 16:52:10: Operating System: Microsoft Windows Server 2019 Standard
31.05.2022 16:52:10: ArmA Process START: 5/31/2022 4:50:55 PM
31.05.2022 16:52:10: ArmA Process ID: 3244
31.05.2022 16:52:10: GET CPU_USEAGE ERROR: Access to the registry key 'Global' is denied.
31.05.2022 16:52:10: CommandLine: "C:\TCAFiles\Users\thomas3\124955\arma3server.exe" -ip=144.48.104.156 -port=2326 -noPause -noSound -exThreads=7 "-cfg=A3DS\basic.cfg" -ranking="" -par="" "-config=A3DS\server.cfg" "-profiles=A3DS" "-servermod=@extDB3;@infiSTAR_A3_vision" "-mod=@CBA_A3;@CUP Terrains - Core;@CUP Terrains - Maps;@CUP Units;@CUP Vehicles;@CUP Weapons;@RHSAFRF;@RHSGREF;@RHSUSAF" -malloc=tbb4malloc_bi -enableHT -world=empty -autoinit -filepatching -maxMem=8192
