
extDB3: https://bitbucket.org/torndeco/extdb3/wiki/Home
extDB3: Version: 1.031
extDB3: Windows Version
Message: All development for extDB3 is done on a Linux Dedicated Server
Message: If you would like to Donate to extDB3 Development
Message: https://www.paypal.com/cgi-bin/webscr?cmd=_s-xclick&hosted_button_id=2SUEFTGABTAM2
Message: Also leave a message if there is any particular feature you would like to see added.
Message: Thanks for all the people that have donated.
Message: Torndeco: 18/05/15


extDB3: Found extdb3-conf.ini
extDB3: Detected 24 Cores, Setting up 6 Worker Threads
extDB3: ...
extDB3: ...
extDB3: ...
extDB3: ...
extDB3: ...
extDB3: ...


[00:24:26:785110 -07:00] [Thread 16424] extDB3: Locked
[00:24:26:787376 -07:00] [Thread 11800] extDB3: SQL: Error MariaDBStatementException0: Table 'db124955.DBInfo' doesn't exist
[00:24:26:787404 -07:00] [Thread 11800] extDB3: SQL: Error MariaDBStatementException0: Input: getDBVersion
[00:24:26:829594 -07:00] [Thread 11800] extDB3: SQL: Error MariaDBStatementException0: Table 'db124955.ServerInstance' doesn't exist
[00:24:26:829642 -07:00] [Thread 11800] extDB3: SQL: Error MariaDBStatementException0: Input: checkServerInstance:1
[00:24:26:884452 -07:00] [Thread 11800] extDB3: SQL: Error MariaDBStatementException0: Table 'db124955.ServerMap' doesn't exist
[00:24:26:884499 -07:00] [Thread 11800] extDB3: SQL: Error MariaDBStatementException0: Input: getServerMapID:Chernarus:normal
[00:24:27:354750 -07:00] [Thread 11800] extDB3: SQL: Error MariaDBStatementException0: Table 'db124955.ServerObjects' doesn't exist
[00:24:27:354800 -07:00] [Thread 11800] extDB3: SQL: Error MariaDBStatementException0: Input: deleteExpiredServerObjects:1:any:120:1
[00:24:27:505412 -07:00] [Thread 11800] extDB3: SQL: Error MariaDBQueryException: Table 'db124955.ServerObjects' doesn't exist
[00:24:27:505456 -07:00] [Thread 11800] extDB3: SQL: Error MariaDBQueryException: Input: getServerObjects:1:any:,Class,Position,Direction,Locked,Damage,AllowDamage,OwnerUID,Variables,Weapons,Magazines,Items,Backpacks,TurretMagazines,AmmoCargo,FuelCargo,RepairCargo
[00:24:27:577421 -07:00] [Thread 11800] extDB3: SQL: Error MariaDBStatementException0: Table 'db124955.ServerInstance' doesn't exist
[00:24:27:577460 -07:00] [Thread 11800] extDB3: SQL: Error MariaDBStatementException0: Input: getWarchestMoney:1
[00:24:27:619040 -07:00] [Thread 11800] extDB3: SQL: Error MariaDBStatementException0: Table 'db124955.ServerTime' doesn't exist
[00:24:27:619090 -07:00] [Thread 11800] extDB3: SQL: Error MariaDBStatementException0: Input: getServerTime:1:any
[00:24:27:706292 -07:00] [Thread 11800] extDB3: SQL: Error MariaDBStatementException0: Table 'db124955.ServerVehicles' doesn't exist
[00:24:27:706332 -07:00] [Thread 11800] extDB3: SQL: Error MariaDBStatementException0: Input: deleteExpiredServerVehicles:1:any:0:48
[00:24:27:846789 -07:00] [Thread 11800] extDB3: SQL: Error MariaDBQueryException: Table 'db124955.ServerVehicles' doesn't exist
[00:24:27:846827 -07:00] [Thread 11800] extDB3: SQL: Error MariaDBQueryException: Input: getServerVehicles:1:any:,Class,Position,Direction,Velocity,Flying,Damage,Fuel,HitPoints,AnimPhases,OwnerUID,LockState,Variables,Textures,Weapons,Magazines,Items,Backpacks,TurretMagazines,TurretMagazines2,TurretMagazines3,AmmoCargo,FuelCargo,RepairCargo
[00:24:27:988391 -07:00] [Thread 11800] extDB3: SQL: Error MariaDBStatementException0: Table 'db124955.ServerMines' doesn't exist
[00:24:27:988464 -07:00] [Thread 11800] extDB3: SQL: Error MariaDBStatementException0: Input: deleteExpiredServerMines:1:any:48
[00:24:28:136221 -07:00] [Thread 11800] extDB3: SQL: Error MariaDBQueryException: Table 'db124955.ServerMines' doesn't exist
[00:24:28:136260 -07:00] [Thread 11800] extDB3: SQL: Error MariaDBQueryException: Input: getServerMines:1:any:,Class,Position,Direction,Damage,OwnerUID,Variables
[00:24:48:796560 -07:00] [Thread 11800] extDB3: SQL: Error MariaDBStatementException0: Table 'db124955.ServerTime' doesn't exist
[00:24:48:796615 -07:00] [Thread 11800] extDB3: SQL: Error MariaDBStatementException0: Input: insertOrUpdateServerTime:1:any:15.0062:0.0141079:0.924181:0:[1.59284,2.96028,0]
