
extDB3: https://bitbucket.org/torndeco/extdb3/wiki/Home
extDB3: Version: 1.031
extDB3: Windows Version
Message: All development for extDB3 is done on a Linux Dedicated Server
Message: If you would like to Donate to extDB3 Development
Message: https://www.paypal.com/cgi-bin/webscr?cmd=_s-xclick&hosted_button_id=2SUEFTGABTAM2
Message: Also leave a message if there is any particular feature you would like to see added.
Message: Thanks for all the people that have donated.
Message: Torndeco: 18/05/15


extDB3: Found extdb3-conf.ini
extDB3: Detected 24 Cores, Setting up 6 Worker Threads
extDB3: ...
extDB3: ...
extDB3: ...
extDB3: ...
extDB3: ...
extDB3: ...


[00:31:43:607006 -07:00] [Thread 12440] extDB3: Locked
[00:31:43:608994 -07:00] [Thread 7904] extDB3: SQL: Error MariaDBStatementException0: Table 'db124955.DBInfo' doesn't exist
[00:31:43:609024 -07:00] [Thread 7904] extDB3: SQL: Error MariaDBStatementException0: Input: getDBVersion
[00:31:43:673038 -07:00] [Thread 7904] extDB3: SQL: Error MariaDBStatementException0: Table 'db124955.ServerInstance' doesn't exist
[00:31:43:673085 -07:00] [Thread 7904] extDB3: SQL: Error MariaDBStatementException0: Input: checkServerInstance:1
[00:31:43:752540 -07:00] [Thread 7904] extDB3: SQL: Error MariaDBStatementException0: Table 'db124955.ServerMap' doesn't exist
[00:31:43:752575 -07:00] [Thread 7904] extDB3: SQL: Error MariaDBStatementException0: Input: getServerMapID:Chernarus:normal
[00:31:44:193480 -07:00] [Thread 7904] extDB3: SQL: Error MariaDBStatementException0: Table 'db124955.ServerObjects' doesn't exist
[00:31:44:193519 -07:00] [Thread 7904] extDB3: SQL: Error MariaDBStatementException0: Input: deleteExpiredServerObjects:1:any:120:1
[00:31:44:355650 -07:00] [Thread 7904] extDB3: SQL: Error MariaDBQueryException: Table 'db124955.ServerObjects' doesn't exist
[00:31:44:355688 -07:00] [Thread 7904] extDB3: SQL: Error MariaDBQueryException: Input: getServerObjects:1:any:,Class,Position,Direction,Locked,Damage,AllowDamage,OwnerUID,Variables,Weapons,Magazines,Items,Backpacks,TurretMagazines,AmmoCargo,FuelCargo,RepairCargo
[00:31:44:525264 -07:00] [Thread 7904] extDB3: SQL: Error MariaDBStatementException0: Table 'db124955.ServerInstance' doesn't exist
[00:31:44:525297 -07:00] [Thread 7904] extDB3: SQL: Error MariaDBStatementException0: Input: getWarchestMoney:1
[00:31:44:566486 -07:00] [Thread 7904] extDB3: SQL: Error MariaDBStatementException0: Table 'db124955.ServerTime' doesn't exist
[00:31:44:566535 -07:00] [Thread 7904] extDB3: SQL: Error MariaDBStatementException0: Input: getServerTime:1:any
[00:31:44:725852 -07:00] [Thread 7904] extDB3: SQL: Error MariaDBStatementException0: Table 'db124955.ServerVehicles' doesn't exist
[00:31:44:725890 -07:00] [Thread 7904] extDB3: SQL: Error MariaDBStatementException0: Input: deleteExpiredServerVehicles:1:any:0:48
[00:31:44:872105 -07:00] [Thread 7904] extDB3: SQL: Error MariaDBQueryException: Table 'db124955.ServerVehicles' doesn't exist
[00:31:44:872142 -07:00] [Thread 7904] extDB3: SQL: Error MariaDBQueryException: Input: getServerVehicles:1:any:,Class,Position,Direction,Velocity,Flying,Damage,Fuel,HitPoints,AnimPhases,OwnerUID,LockState,Variables,Textures,Weapons,Magazines,Items,Backpacks,TurretMagazines,TurretMagazines2,TurretMagazines3,AmmoCargo,FuelCargo,RepairCargo
[00:31:45:040598 -07:00] [Thread 7904] extDB3: SQL: Error MariaDBStatementException0: Table 'db124955.ServerMines' doesn't exist
[00:31:45:040629 -07:00] [Thread 7904] extDB3: SQL: Error MariaDBStatementException0: Input: deleteExpiredServerMines:1:any:48
[00:31:45:179860 -07:00] [Thread 7904] extDB3: SQL: Error MariaDBQueryException: Table 'db124955.ServerMines' doesn't exist
[00:31:45:179899 -07:00] [Thread 7904] extDB3: SQL: Error MariaDBQueryException: Input: getServerMines:1:any:,Class,Position,Direction,Damage,OwnerUID,Variables
[00:32:05:987274 -07:00] [Thread 7904] extDB3: SQL: Error MariaDBStatementException0: Table 'db124955.ServerTime' doesn't exist
[00:32:05:987331 -07:00] [Thread 7904] extDB3: SQL: Error MariaDBStatementException0: Input: insertOrUpdateServerTime:1:any:15.0063:0.0593844:0.334104:0:[1.13451,-2.93194,0]
