
extDB3: https://bitbucket.org/torndeco/extdb3/wiki/Home
extDB3: Version: 1.031
extDB3: Windows Version
Message: All development for extDB3 is done on a Linux Dedicated Server
Message: If you would like to Donate to extDB3 Development
Message: https://www.paypal.com/cgi-bin/webscr?cmd=_s-xclick&hosted_button_id=2SUEFTGABTAM2
Message: Also leave a message if there is any particular feature you would like to see added.
Message: Thanks for all the people that have donated.
Message: Torndeco: 18/05/15


extDB3: Found extdb3-conf.ini
extDB3: Detected 24 Cores, Setting up 6 Worker Threads
extDB3: ...
extDB3: ...
extDB3: ...
extDB3: ...
extDB3: ...
extDB3: ...


[00:35:45:519246 -07:00] [Thread 15484] extDB3: Locked
[00:35:45:588486 -07:00] [Thread 18968] extDB3: SQL: Error MariaDBStatementException0: Table 'db124955.DBInfo' doesn't exist
[00:35:45:588534 -07:00] [Thread 18968] extDB3: SQL: Error MariaDBStatementException0: Input: getDBVersion
[00:35:45:630236 -07:00] [Thread 18968] extDB3: SQL: Error MariaDBStatementException0: Table 'db124955.ServerInstance' doesn't exist
[00:35:45:630272 -07:00] [Thread 18968] extDB3: SQL: Error MariaDBStatementException0: Input: checkServerInstance:1
[00:35:45:682559 -07:00] [Thread 18968] extDB3: SQL: Error MariaDBStatementException0: Table 'db124955.ServerMap' doesn't exist
[00:35:45:682598 -07:00] [Thread 18968] extDB3: SQL: Error MariaDBStatementException0: Input: getServerMapID:Chernarus:normal
[00:35:46:179476 -07:00] [Thread 18968] extDB3: SQL: Error MariaDBStatementException0: Table 'db124955.ServerObjects' doesn't exist
[00:35:46:179521 -07:00] [Thread 18968] extDB3: SQL: Error MariaDBStatementException0: Input: deleteExpiredServerObjects:1:any:120:1
[00:35:46:300162 -07:00] [Thread 18968] extDB3: SQL: Error MariaDBQueryException: Table 'db124955.ServerObjects' doesn't exist
[00:35:46:300217 -07:00] [Thread 18968] extDB3: SQL: Error MariaDBQueryException: Input: getServerObjects:1:any:,Class,Position,Direction,Locked,Damage,AllowDamage,OwnerUID,Variables,Weapons,Magazines,Items,Backpacks,TurretMagazines,AmmoCargo,FuelCargo,RepairCargo
[00:35:46:371252 -07:00] [Thread 18968] extDB3: SQL: Error MariaDBStatementException0: Table 'db124955.ServerInstance' doesn't exist
[00:35:46:371296 -07:00] [Thread 18968] extDB3: SQL: Error MariaDBStatementException0: Input: getWarchestMoney:1
[00:35:46:457287 -07:00] [Thread 18968] extDB3: SQL: Error MariaDBStatementException0: Table 'db124955.ServerTime' doesn't exist
[00:35:46:457341 -07:00] [Thread 18968] extDB3: SQL: Error MariaDBStatementException0: Input: getServerTime:1:any
[00:35:46:502496 -07:00] [Thread 18968] extDB3: SQL: Error MariaDBStatementException0: Table 'db124955.ServerVehicles' doesn't exist
[00:35:46:502537 -07:00] [Thread 18968] extDB3: SQL: Error MariaDBStatementException0: Input: deleteExpiredServerVehicles:1:any:0:48
[00:35:46:615434 -07:00] [Thread 18968] extDB3: SQL: Error MariaDBQueryException: Table 'db124955.ServerVehicles' doesn't exist
[00:35:46:615478 -07:00] [Thread 18968] extDB3: SQL: Error MariaDBQueryException: Input: getServerVehicles:1:any:,Class,Position,Direction,Velocity,Flying,Damage,Fuel,HitPoints,AnimPhases,OwnerUID,LockState,Variables,Textures,Weapons,Magazines,Items,Backpacks,TurretMagazines,TurretMagazines2,TurretMagazines3,AmmoCargo,FuelCargo,RepairCargo
[00:35:46:741578 -07:00] [Thread 18968] extDB3: SQL: Error MariaDBStatementException0: Table 'db124955.ServerMines' doesn't exist
[00:35:46:741636 -07:00] [Thread 18968] extDB3: SQL: Error MariaDBStatementException0: Input: deleteExpiredServerMines:1:any:48
[00:35:46:946869 -07:00] [Thread 18968] extDB3: SQL: Error MariaDBQueryException: Table 'db124955.ServerMines' doesn't exist
[00:35:46:946919 -07:00] [Thread 18968] extDB3: SQL: Error MariaDBQueryException: Input: getServerMines:1:any:,Class,Position,Direction,Damage,OwnerUID,Variables
[00:36:07:701655 -07:00] [Thread 18968] extDB3: SQL: Error MariaDBStatementException0: Table 'db124955.ServerTime' doesn't exist
[00:36:07:701712 -07:00] [Thread 18968] extDB3: SQL: Error MariaDBStatementException0: Input: insertOrUpdateServerTime:1:any:15.0062:0.1:0.820459:0:[5.20636,5.18117,0]
