
extDB3: https://bitbucket.org/torndeco/extdb3/wiki/Home
extDB3: Version: 1.031
extDB3: Windows Version
Message: All development for extDB3 is done on a Linux Dedicated Server
Message: If you would like to Donate to extDB3 Development
Message: https://www.paypal.com/cgi-bin/webscr?cmd=_s-xclick&hosted_button_id=2SUEFTGABTAM2
Message: Also leave a message if there is any particular feature you would like to see added.
Message: Thanks for all the people that have donated.
Message: Torndeco: 18/05/15


extDB3: Found extdb3-conf.ini
extDB3: Detected 24 Cores, Setting up 6 Worker Threads
extDB3: ...
extDB3: ...
extDB3: ...
extDB3: ...
extDB3: ...
extDB3: ...


[03:42:58:831343 -07:00] [Thread 628] extDB3: Locked
[03:43:00:542221 -07:00] [Thread 17108] extDB3: SQL_CUSTOM: Error No Custom Call Not Found: Input String deleteExpiredServerVehiclesMOD:1:1:0:48
[03:43:00:542262 -07:00] [Thread 17108] extDB3: SQL_CUSTOM: Error No Custom Call Not Found: Callname deleteExpiredServerVehiclesMOD
[03:43:02:664108 -07:00] [Thread 17108] extDB3: SQL_CUSTOM: Error No Custom Call Not Found: Input String getServerVehiclesMOD:1:1:,Class,Position,Direction,Velocity,Flying,Damage,Fuel,HitPoints,AnimPhases,OwnerUID,LockState,Variables,Textures,Weapons,Magazines,Items,Backpacks,TurretMagazines,TurretMagazines2,TurretMagazines3,AmmoCargo,FuelCargo,RepairCargo
[03:43:02:664147 -07:00] [Thread 17108] extDB3: SQL_CUSTOM: Error No Custom Call Not Found: Callname getServerVehiclesMOD
[03:44:38:613826 -07:00] [Thread 17152] extDB3: SQL_CUSTOM: Error No Custom Call Not Found: Input String getPlayerDonatorLevel:76561198045733799
[03:44:38:613897 -07:00] [Thread 17152] extDB3: SQL_CUSTOM: Error No Custom Call Not Found: Callname getPlayerDonatorLevel
[03:44:38:634257 -07:00] [Thread 17152] extDB3: SQL_CUSTOM: Error No Custom Call Not Found: Input String getPlayerMemberLevel:76561198045733799
[03:44:38:634307 -07:00] [Thread 17152] extDB3: SQL_CUSTOM: Error No Custom Call Not Found: Callname getPlayerMemberLevel
[03:44:38:719295 -07:00] [Thread 17152] extDB3: SQL: Error extDB3Exception: Config Invalid Number Number of Inputs Got 1 Expected 2
[03:44:38:719337 -07:00] [Thread 17152] extDB3: SQL: Error extDB3Exception: Input: getPlayerStatusXMap:76561198045733799
[03:44:38:742560 -07:00] [Thread 17152] extDB3: SQL_CUSTOM: Error No Custom Call Not Found: Input String getParkedVehiclesMOD:76561198045733799:normal:,Class,Position,Direction,Velocity,Flying,Damage,Fuel,HitPoints,AnimPhases,OwnerUID,LockState,Variables,Textures,Weapons,Magazines,Items,Backpacks,TurretMagazines,TurretMagazines2,TurretMagazines3,AmmoCargo,FuelCargo,RepairCargo
[03:44:38:742601 -07:00] [Thread 17152] extDB3: SQL_CUSTOM: Error No Custom Call Not Found: Callname getParkedVehiclesMOD
[03:44:38:762689 -07:00] [Thread 17152] extDB3: SQL_CUSTOM: Error No Custom Call Not Found: Input String getPlayerStorageXMapMOD:76561198045733799:normal:Weapons,Magazines,Items,Backpacks
[03:44:38:762726 -07:00] [Thread 17152] extDB3: SQL_CUSTOM: Error No Custom Call Not Found: Callname getPlayerStorageXMapMOD
[03:45:40:089321 -07:00] [Thread 17152] extDB3: SQL: Error MariaDBQueryException: Unknown column 'BountyKills' in 'field list'
[03:45:40:089372 -07:00] [Thread 17152] extDB3: SQL: Error MariaDBQueryException: Input: insertOrUpdatePlayerInfo:76561198045733799:BountyKills='[]',Bounty=0,BankMoney=0:BountyKills=VALUES(BountyKills),Bounty=VALUES(Bounty),BankMoney=VALUES(BankMoney)
[03:46:29:774625 -07:00] [Thread 16640] extDB3: SQL: Error MariaDBQueryException: Unknown column 'BountyKills' in 'field list'
[03:46:29:774675 -07:00] [Thread 16640] extDB3: SQL: Error MariaDBQueryException: Input: insertOrUpdatePlayerInfo:76561198045733799:BountyKills='[]',Bounty=0,BankMoney=0:BountyKills=VALUES(BountyKills),Bounty=VALUES(Bounty),BankMoney=VALUES(BankMoney)
[03:46:39:900320 -07:00] [Thread 17152] extDB3: SQL: Error MariaDBQueryException: Unknown column 'BountyKills' in 'field list'
[03:46:39:900369 -07:00] [Thread 17152] extDB3: SQL: Error MariaDBQueryException: Input: insertOrUpdatePlayerInfo:76561198045733799:BountyKills='[]',Bounty=0,BankMoney=0:BountyKills=VALUES(BountyKills),Bounty=VALUES(Bounty),BankMoney=VALUES(BankMoney)
[03:46:45:219210 -07:00] [Thread 16640] extDB3: SQL: Error MariaDBQueryException: Unknown column 'BountyKills' in 'field list'
[03:46:45:219266 -07:00] [Thread 16640] extDB3: SQL: Error MariaDBQueryException: Input: insertOrUpdatePlayerInfo:76561198045733799:BountyKills='[]',Bounty=0,BankMoney=0:BountyKills=VALUES(BountyKills),Bounty=VALUES(Bounty),BankMoney=VALUES(BankMoney)
[03:47:40:088451 -07:00] [Thread 17152] extDB3: SQL: Error MariaDBQueryException: Unknown column 'BountyKills' in 'field list'
[03:47:40:088515 -07:00] [Thread 17152] extDB3: SQL: Error MariaDBQueryException: Input: insertOrUpdatePlayerInfo:76561198045733799:BountyKills='[]',Bounty=0,BankMoney=0:BountyKills=VALUES(BountyKills),Bounty=VALUES(Bounty),BankMoney=VALUES(BankMoney)
[03:48:20:669849 -07:00] [Thread 16640] extDB3: SQL: Error MariaDBQueryException: Unknown column 'BountyKills' in 'field list'
[03:48:20:669892 -07:00] [Thread 16640] extDB3: SQL: Error MariaDBQueryException: Input: insertOrUpdatePlayerInfo:76561198045733799:BountyKills='[]',Bounty=0,BankMoney=0:BountyKills=VALUES(BountyKills),Bounty=VALUES(Bounty),BankMoney=VALUES(BankMoney)
[03:48:35:918391 -07:00] [Thread 17152] extDB3: SQL: Error MariaDBQueryException: Unknown column 'BountyKills' in 'field list'
[03:48:35:918434 -07:00] [Thread 17152] extDB3: SQL: Error MariaDBQueryException: Input: insertOrUpdatePlayerInfo:76561198045733799:BountyKills='[]',Bounty=0,BankMoney=0:BountyKills=VALUES(BountyKills),Bounty=VALUES(Bounty),BankMoney=VALUES(BankMoney)
[03:48:40:153611 -07:00] [Thread 17108] extDB3: SQL: Error MariaDBQueryException: Unknown column 'BountyKills' in 'field list'
[03:48:40:153651 -07:00] [Thread 17108] extDB3: SQL: Error MariaDBQueryException: Input: insertOrUpdatePlayerInfo:76561198045733799:BountyKills='[]',Bounty=0,BankMoney=0:BountyKills=VALUES(BountyKills),Bounty=VALUES(Bounty),BankMoney=VALUES(BankMoney)
[03:49:40:220465 -07:00] [Thread 17108] extDB3: SQL: Error MariaDBQueryException: Unknown column 'BountyKills' in 'field list'
[03:49:40:220522 -07:00] [Thread 17108] extDB3: SQL: Error MariaDBQueryException: Input: insertOrUpdatePlayerInfo:76561198045733799:BountyKills='[]',Bounty=0,BankMoney=0:BountyKills=VALUES(BountyKills),Bounty=VALUES(Bounty),BankMoney=VALUES(BankMoney)
[03:50:40:465216 -07:00] [Thread 16640] extDB3: SQL: Error MariaDBQueryException: Unknown column 'BountyKills' in 'field list'
[03:50:40:465283 -07:00] [Thread 16640] extDB3: SQL: Error MariaDBQueryException: Input: insertOrUpdatePlayerInfo:76561198045733799:BountyKills='[]',Bounty=0,BankMoney=0:BountyKills=VALUES(BountyKills),Bounty=VALUES(Bounty),BankMoney=VALUES(BankMoney)
[03:51:40:478713 -07:00] [Thread 17108] extDB3: SQL: Error MariaDBQueryException: Unknown column 'BountyKills' in 'field list'
[03:51:40:478759 -07:00] [Thread 17108] extDB3: SQL: Error MariaDBQueryException: Input: insertOrUpdatePlayerInfo:76561198045733799:BountyKills='[]',Bounty=0,BankMoney=0:BountyKills=VALUES(BountyKills),Bounty=VALUES(Bounty),BankMoney=VALUES(BankMoney)
[03:52:13:350588 -07:00] [Thread 16640] extDB3: SQL_CUSTOM: Error No Custom Call Not Found: Input String getPlayerDonatorLevel:76561198009454590
[03:52:13:350676 -07:00] [Thread 16640] extDB3: SQL_CUSTOM: Error No Custom Call Not Found: Callname getPlayerDonatorLevel
[03:52:13:372888 -07:00] [Thread 16640] extDB3: SQL_CUSTOM: Error No Custom Call Not Found: Input String getPlayerMemberLevel:76561198009454590
[03:52:13:372939 -07:00] [Thread 16640] extDB3: SQL_CUSTOM: Error No Custom Call Not Found: Callname getPlayerMemberLevel
[03:52:13:415287 -07:00] [Thread 17108] extDB3: SQL: Error extDB3Exception: Config Invalid Number Number of Inputs Got 1 Expected 2
[03:52:13:415324 -07:00] [Thread 17108] extDB3: SQL: Error extDB3Exception: Input: getPlayerStatusXMap:76561198009454590
[03:52:13:438064 -07:00] [Thread 16640] extDB3: SQL_CUSTOM: Error No Custom Call Not Found: Input String getParkedVehiclesMOD:76561198009454590:normal:,Class,Position,Direction,Velocity,Flying,Damage,Fuel,HitPoints,AnimPhases,OwnerUID,LockState,Variables,Textures,Weapons,Magazines,Items,Backpacks,TurretMagazines,TurretMagazines2,TurretMagazines3,AmmoCargo,FuelCargo,RepairCargo
[03:52:13:438170 -07:00] [Thread 16640] extDB3: SQL_CUSTOM: Error No Custom Call Not Found: Callname getParkedVehiclesMOD
[03:52:13:458761 -07:00] [Thread 16640] extDB3: SQL_CUSTOM: Error No Custom Call Not Found: Input String getPlayerStorageXMapMOD:76561198009454590:normal:Weapons,Magazines,Items,Backpacks
[03:52:13:458810 -07:00] [Thread 16640] extDB3: SQL_CUSTOM: Error No Custom Call Not Found: Callname getPlayerStorageXMapMOD
[03:52:39:561266 -07:00] [Thread 16640] extDB3: SQL: Error MariaDBQueryException: Unknown column 'BountyKills' in 'field list'
[03:52:39:561312 -07:00] [Thread 16640] extDB3: SQL: Error MariaDBQueryException: Input: insertOrUpdatePlayerInfo:76561198009454590:BountyKills='[]',Bounty=0,BankMoney=0:BountyKills=VALUES(BountyKills),Bounty=VALUES(Bounty),BankMoney=VALUES(BankMoney)
[03:53:14:117848 -07:00] [Thread 16640] extDB3: SQL: Error MariaDBQueryException: Unknown column 'BountyKills' in 'field list'
[03:53:14:117913 -07:00] [Thread 16640] extDB3: SQL: Error MariaDBQueryException: Input: insertOrUpdatePlayerInfo:76561198009454590:BountyKills='[]',Bounty=0,BankMoney=0:BountyKills=VALUES(BountyKills),Bounty=VALUES(Bounty),BankMoney=VALUES(BankMoney)
[03:53:40:750189 -07:00] [Thread 17108] extDB3: SQL: Error MariaDBQueryException: Unknown column 'BountyKills' in 'field list'
[03:53:40:750235 -07:00] [Thread 17108] extDB3: SQL: Error MariaDBQueryException: Input: insertOrUpdatePlayerInfo:76561198045733799:BountyKills='[]',Bounty=0,BankMoney=0:BountyKills=VALUES(BountyKills),Bounty=VALUES(Bounty),BankMoney=VALUES(BankMoney)
[03:54:14:214542 -07:00] [Thread 16640] extDB3: SQL: Error MariaDBQueryException: Unknown column 'BountyKills' in 'field list'
[03:54:14:214605 -07:00] [Thread 16640] extDB3: SQL: Error MariaDBQueryException: Input: insertOrUpdatePlayerInfo:76561198009454590:BountyKills='[]',Bounty=0,BankMoney=0:BountyKills=VALUES(BountyKills),Bounty=VALUES(Bounty),BankMoney=VALUES(BankMoney)
[03:55:14:315092 -07:00] [Thread 17108] extDB3: SQL: Error MariaDBQueryException: Unknown column 'BountyKills' in 'field list'
[03:55:14:315149 -07:00] [Thread 17108] extDB3: SQL: Error MariaDBQueryException: Input: insertOrUpdatePlayerInfo:76561198009454590:BountyKills='[]',Bounty=0,BankMoney=0:BountyKills=VALUES(BountyKills),Bounty=VALUES(Bounty),BankMoney=VALUES(BankMoney)
[03:56:14:357444 -07:00] [Thread 16640] extDB3: SQL: Error MariaDBQueryException: Unknown column 'BountyKills' in 'field list'
[03:56:14:357493 -07:00] [Thread 16640] extDB3: SQL: Error MariaDBQueryException: Input: insertOrUpdatePlayerInfo:76561198009454590:BountyKills='[]',Bounty=0,BankMoney=0:BountyKills=VALUES(BountyKills),Bounty=VALUES(Bounty),BankMoney=VALUES(BankMoney)
[03:56:20:420293 -07:00] [Thread 17108] extDB3: SQL_CUSTOM: Error No Custom Call Not Found: Input String newServerVehicleMOD:1:1
[03:56:20:420345 -07:00] [Thread 17108] extDB3: SQL_CUSTOM: Error No Custom Call Not Found: Callname newServerVehicleMOD
[03:56:20:435662 -07:00] [Thread 17108] extDB3: SQL_CUSTOM: Error No Custom Call Not Found: Input String updateServerVehicleMOD:<null>:Class='"CUP_B_SA330_Puma_HC2_BAF"',Position='["4304.53125","10894.21875","3.0151367"]',Direction='[[0.357534,0.9339,4.18092e-005],[-7.33077e-005,-1.67032e-005,1]]',Velocity='[0,0,-0.245009]',Fuel=1,Damage=0,HitPoints='[["hithull",0],["hitengine",0],["hitengine1",0],["hitengine2",0],["hitavionics",0],["hitvrotor",0],["hithrotor",0],["hitwinch",0],["hittransmission",0],["hitglass1",0],["hitglass2",0],["hitglass3",0],["hitglass4",0],["hitglass5",0],["hitlight",0],["hithydraulics",0],["hitgear",0],["hitfuel",0],["hithstabilizerl1",0],["hithstabilizerr1",0],["hitvstabilizer1",0],["hittail",0],["hitpitottube",0],["hitstaticport",0],["hitmissiles",0],["hitrglass",0],["hitlglass",0],["hitengine3",0],["hitglass6",0],["hitstarter1",0],["hitstarter2",0],["hitstarter3",0],["hitturret",0],["hitgun",0],["#l svetlo",0],["#p svetlo",0]]',AnimPhases='[]',OwnerUID='"76561198009454590"',LockState=2,Variables='[["A3W_purchasedVehicle",true],["ownerName",[69,110,122]]]',Textures='[]',Weapons='[]',Magazines='[]',Items='[]',Backpacks='[]',TurretMagazines='[]',TurretMagazines2='[["120Rnd_CMFlare_Chaff_Magazine",[-1],120]]',TurretMagazines3='[]',AmmoCargo=-1,FuelCargo=-1,RepairCargo=-1,Flying=0,Parked=0
[03:56:20:435710 -07:00] [Thread 17108] extDB3: SQL_CUSTOM: Error No Custom Call Not Found: Callname updateServerVehicleMOD
[03:56:20:731913 -07:00] [Thread 17108] extDB3: SQL: Error MariaDBQueryException: Unknown column 'BountyKills' in 'field list'
[03:56:20:731957 -07:00] [Thread 17108] extDB3: SQL: Error MariaDBQueryException: Input: insertOrUpdatePlayerInfo:76561198009454590:BountyKills='[]',Bounty=0,BankMoney=0:BountyKills=VALUES(BountyKills),Bounty=VALUES(Bounty),BankMoney=VALUES(BankMoney)
[03:56:54:777112 -07:00] [Thread 16640] extDB3: SQL_CUSTOM: Error No Custom Call Not Found: Input String newServerVehicleMOD:1:1
[03:56:54:777166 -07:00] [Thread 16640] extDB3: SQL_CUSTOM: Error No Custom Call Not Found: Callname newServerVehicleMOD
[03:56:54:800741 -07:00] [Thread 16640] extDB3: SQL_CUSTOM: Error No Custom Call Not Found: Input String updateServerVehicleMOD:<null>:Class='"CUP_B_SA330_Puma_HC2_BAF"',Position='["4304.558594","10894.21875","2.76828"]',Direction='[[0.356812,0.934177,0],[0,-0,1]]',Velocity='[0,0,0]',Fuel=0.999841,Damage=0,HitPoints='[["hithull",0],["hitengine",0],["hitengine1",0],["hitengine2",0],["hitavionics",0],["hitvrotor",0],["hithrotor",0],["hitwinch",0],["hittransmission",0],["hitglass1",0],["hitglass2",0],["hitglass3",0],["hitglass4",0],["hitglass5",0],["hitlight",0],["hithydraulics",0],["hitgear",0],["hitfuel",0],["hithstabilizerl1",0],["hithstabilizerr1",0],["hitvstabilizer1",0],["hittail",0],["hitpitottube",0],["hitstaticport",0],["hitmissiles",0],["hitrglass",0],["hitlglass",0],["hitengine3",0],["hitglass6",0],["hitstarter1",0],["hitstarter2",0],["hitstarter3",0],["hitturret",0],["hitgun",0],["#l svetlo",0],["#p svetlo",0]]',AnimPhases='[]',OwnerUID='"76561198009454590"',LockState=1,Variables='[["A3W_purchasedVehicle",true],["ownerName",[69,110,122]]]',Textures='[["#(rgb,1,1,1)color(0.01,0.01,0.01,1)",[0]]]',Weapons='[]',Magazines='[]',Items='[]',Backpacks='[]',TurretMagazines='[]',TurretMagazines2='[["120Rnd_CMFlare_Chaff_Magazine",[-1],120]]',TurretMagazines3='[]',AmmoCargo=-1,FuelCargo=-1,RepairCargo=-1,Flying=0,Parked=0,LastUsed=NOW()
[03:56:54:800786 -07:00] [Thread 16640] extDB3: SQL_CUSTOM: Error No Custom Call Not Found: Callname updateServerVehicleMOD
[03:57:14:505617 -07:00] [Thread 16640] extDB3: SQL: Error MariaDBQueryException: Unknown column 'BountyKills' in 'field list'
[03:57:14:505658 -07:00] [Thread 16640] extDB3: SQL: Error MariaDBQueryException: Input: insertOrUpdatePlayerInfo:76561198009454590:BountyKills='[]',Bounty=0,BankMoney=0:BountyKills=VALUES(BountyKills),Bounty=VALUES(Bounty),BankMoney=VALUES(BankMoney)
[03:58:41:736999 -07:00] [Thread 17108] extDB3: SQL: Error MariaDBQueryException: Unknown column 'BountyKills' in 'field list'
[03:58:41:737052 -07:00] [Thread 17108] extDB3: SQL: Error MariaDBQueryException: Input: insertOrUpdatePlayerInfo:76561198045733799:BountyKills='[]',Bounty=0,BankMoney=0:BountyKills=VALUES(BountyKills),Bounty=VALUES(Bounty),BankMoney=VALUES(BankMoney)
[03:58:43:748402 -07:00] [Thread 16640] extDB3: SQL_CUSTOM: Error No Custom Call Not Found: Input String newServerVehicleMOD:1:1
[03:58:43:748455 -07:00] [Thread 16640] extDB3: SQL_CUSTOM: Error No Custom Call Not Found: Callname newServerVehicleMOD
[03:58:43:759271 -07:00] [Thread 16640] extDB3: SQL_CUSTOM: Error No Custom Call Not Found: Input String updateServerVehicleMOD:<null>:Class='"CUP_B_SU34_CDF"',Position='["4275.46875","10947.641602","2.358246"]',Direction='[[-0.827316,-0.561737,0],[0,0,1]]',Velocity='[0,0,0.01]',Fuel=1,Damage=0,HitPoints='[["hitglass1",0],["hitglass2",0],["hitglass3",0],["hitglass4",0],["hithull",0],["hitfuel",0],["hitengine",0],["hitavionics",0],["hitturret",0],["hitgun",0],["hitturret",0],["hitgun",0],["#l svetlo",0],["#p svetlo",0]]',AnimPhases='[]',OwnerUID='"76561198009454590"',LockState=2,Variables='[["A3W_purchasedVehicle",true],["ownerName",[69,110,122]]]',Textures='[]',Weapons='[]',Magazines='[]',Items='[]',Backpacks='[]',TurretMagazines='[]',TurretMagazines2='[["192Rnd_CMFlare_Chaff_Magazine",[-1],192],["CUP_180Rnd_TE1_30mm_GSh301_HE_M",[-1],180],["Laserbatteries",[0],1]]',TurretMagazines3='[["CUP_PylonPod_1Rnd_R73_Vympel",[0],1],["CUP_PylonPod_20Rnd_S8_plane_M",[],20],["CUP_PylonPod_20Rnd_S8_plane_M",[],20],["CUP_PylonPod_1Rnd_Kh29_M",[0],1],["CUP_PylonPod_1Rnd_Kh29_M",[0],1],["CUP_PylonPod_1Rnd_Kh29_M",[0],1],["CUP_PylonPod_1Rnd_Kh29_M",[0],1],["CUP_PylonPod_1Rnd_Kh29_M",[0],1],["CUP_PylonPod_1Rnd_Kh29_M",[0],1],["CUP_PylonPod_20Rnd_S8_plane_M",[],20],["CUP_PylonPod_20Rnd_S8_plane_M",[],20],["CUP_PylonPod_1Rnd_R73_Vympel",[0],1]]',AmmoCargo=-1,FuelCargo=-1,RepairCargo=-1,Flying=0,Parked=0
[03:58:43:759371 -07:00] [Thread 16640] extDB3: SQL_CUSTOM: Error No Custom Call Not Found: Callname updateServerVehicleMOD
[03:58:44:105933 -07:00] [Thread 16640] extDB3: SQL: Error MariaDBQueryException: Unknown column 'BountyKills' in 'field list'
[03:58:44:105977 -07:00] [Thread 16640] extDB3: SQL: Error MariaDBQueryException: Input: insertOrUpdatePlayerInfo:76561198009454590:BountyKills='[]',Bounty=0,BankMoney=0:BountyKills=VALUES(BountyKills),Bounty=VALUES(Bounty),BankMoney=VALUES(BankMoney)
[03:59:14:692433 -07:00] [Thread 17108] extDB3: SQL: Error MariaDBQueryException: Unknown column 'BountyKills' in 'field list'
[03:59:14:692485 -07:00] [Thread 17108] extDB3: SQL: Error MariaDBQueryException: Input: insertOrUpdatePlayerInfo:76561198009454590:BountyKills='[]',Bounty=0,BankMoney=0:BountyKills=VALUES(BountyKills),Bounty=VALUES(Bounty),BankMoney=VALUES(BankMoney)
[03:59:41:694214 -07:00] [Thread 16640] extDB3: SQL: Error MariaDBQueryException: Unknown column 'BountyKills' in 'field list'
[03:59:41:694262 -07:00] [Thread 16640] extDB3: SQL: Error MariaDBQueryException: Input: insertOrUpdatePlayerInfo:76561198045733799:BountyKills='[]',Bounty=0,BankMoney=0:BountyKills=VALUES(BountyKills),Bounty=VALUES(Bounty),BankMoney=VALUES(BankMoney)
[03:59:43:496371 -07:00] [Thread 17108] extDB3: SQL: Error MariaDBQueryException: Unknown column 'BankMoney' in 'field list'
[03:59:43:496426 -07:00] [Thread 17108] extDB3: SQL: Error MariaDBQueryException: Input: insertOrUpdatePlayerInfo:76561198045733799:BankMoney=100000:BankMoney=VALUES(BankMoney)
[03:59:43:719220 -07:00] [Thread 17108] extDB3: SQL: Error MariaDBQueryException: Unknown column 'BountyKills' in 'field list'
[03:59:43:719269 -07:00] [Thread 17108] extDB3: SQL: Error MariaDBQueryException: Input: insertOrUpdatePlayerInfo:76561198045733799:BountyKills='[]',Bounty=0,BankMoney=100000:BountyKills=VALUES(BountyKills),Bounty=VALUES(Bounty),BankMoney=VALUES(BankMoney)
[03:59:46:756367 -07:00] [Thread 16640] extDB3: SQL: Error MariaDBQueryException: Unknown column 'BankMoney' in 'field list'
[03:59:46:756432 -07:00] [Thread 16640] extDB3: SQL: Error MariaDBQueryException: Input: insertOrUpdatePlayerInfo:76561198045733799:BankMoney=1000000:BankMoney=VALUES(BankMoney)
[03:59:46:961658 -07:00] [Thread 16640] extDB3: SQL: Error MariaDBQueryException: Unknown column 'BountyKills' in 'field list'
[03:59:46:961704 -07:00] [Thread 16640] extDB3: SQL: Error MariaDBQueryException: Input: insertOrUpdatePlayerInfo:76561198045733799:BountyKills='[]',Bounty=0,BankMoney=1000000:BountyKills=VALUES(BountyKills),Bounty=VALUES(Bounty),BankMoney=VALUES(BankMoney)
[04:00:41:797534 -07:00] [Thread 17108] extDB3: SQL: Error MariaDBQueryException: Unknown column 'BountyKills' in 'field list'
[04:00:41:797581 -07:00] [Thread 17108] extDB3: SQL: Error MariaDBQueryException: Input: insertOrUpdatePlayerInfo:76561198045733799:BountyKills='[]',Bounty=0,BankMoney=1000000:BountyKills=VALUES(BountyKills),Bounty=VALUES(Bounty),BankMoney=VALUES(BankMoney)
[04:01:14:879737 -07:00] [Thread 16640] extDB3: SQL: Error MariaDBQueryException: Unknown column 'BountyKills' in 'field list'
[04:01:14:879800 -07:00] [Thread 16640] extDB3: SQL: Error MariaDBQueryException: Input: insertOrUpdatePlayerInfo:76561198009454590:BountyKills='[]',Bounty=0,BankMoney=0:BountyKills=VALUES(BountyKills),Bounty=VALUES(Bounty),BankMoney=VALUES(BankMoney)
[04:01:41:942163 -07:00] [Thread 17108] extDB3: SQL: Error MariaDBQueryException: Unknown column 'BountyKills' in 'field list'
[04:01:41:942211 -07:00] [Thread 17108] extDB3: SQL: Error MariaDBQueryException: Input: insertOrUpdatePlayerInfo:76561198045733799:BountyKills='[]',Bounty=0,BankMoney=1000000:BountyKills=VALUES(BountyKills),Bounty=VALUES(Bounty),BankMoney=VALUES(BankMoney)
[04:05:04:937052 -07:00] [Thread 19448] extDB3: SQL_CUSTOM: Error No Custom Call Not Found: Input String newServerVehicleMOD:1:1
[04:05:04:937107 -07:00] [Thread 19448] extDB3: SQL_CUSTOM: Error No Custom Call Not Found: Callname newServerVehicleMOD
[04:05:04:957453 -07:00] [Thread 19448] extDB3: SQL_CUSTOM: Error No Custom Call Not Found: Input String updateServerVehicleMOD:<null>:Class='"O_MBT_02_cannon_F"',Position='["11115.542969","12419.0253906","2.47493"]',Direction='[[0.00371826,0.998981,0.0449793],[0.0823011,-0.0451327,0.995585]]',Velocity='[0,0,-0.163333]',Fuel=1,Damage=0,HitPoints='[["hitera_top_left_1",0],["hitera_top_left_2",0],["hitera_top_right_1",0],["hitera_top_right_2",0],["hithull",0],["hitengine",0],["hitfuel",0],["hitltrack",0],["hitrtrack",0],["hitera_front",0],["hitera_left_1",0],["hitera_left_2",0],["hitera_right_1",0],["hitera_right_2",0],["hitturret",0],["hitgun",0],["hitcomturret",0],["hitcomgun",0],["#light_l",0],["#light_r",0],["#light_l_flare",0],["#light_r_flare",0]]',AnimPhases='[["showCamonetHull",0],["showCamonetTurret",0],["showLog",0]]',OwnerUID='""',LockState=1,Variables='[["A3W_missionVehicle",true]]',Textures='[]',Weapons='[]',Magazines='[]',Items='[]',Backpacks='[]',TurretMagazines='[]',TurretMagazines2='[["SmokeLauncherMag",[-1],2],["16Rnd_125mm_APFSDS_T_Green",[0],16],["12Rnd_125mm_HE_T_Green",[0],12],["12Rnd_125mm_HEAT_T_Green",[0],12],["SmokeLauncherMag",[0],2],["1000Rnd_762x51_Belt_Green",[0],1000],["1000Rnd_762x51_Belt_Green",[0],1000],["150Rnd_127x108_Ball",[0,0],150],["150Rnd_127x108_Ball",[0,0],150],["SmokeLauncherMag",[0,0],2]]',TurretMagazines3='[]',AmmoCargo=-1,FuelCargo=-1,RepairCargo=-1,Flying=0,Parked=0
[04:05:04:957500 -07:00] [Thread 19448] extDB3: SQL_CUSTOM: Error No Custom Call Not Found: Callname updateServerVehicleMOD
[04:08:06:985177 -07:00] [Thread 17152] extDB3: SQL: Error MariaDBQueryException: Unknown column 'BountyKills' in 'field list'
[04:08:06:985215 -07:00] [Thread 17152] extDB3: SQL: Error MariaDBQueryException: Input: insertOrUpdatePlayerInfo:76561198045733799:BountyKills='[]',Bounty=0,BankMoney=1000000:BountyKills=VALUES(BountyKills),Bounty=VALUES(Bounty),BankMoney=VALUES(BankMoney)
[04:08:16:063593 -07:00] [Thread 17108] extDB3: SQL: Error MariaDBQueryException: Unknown column 'BountyKills' in 'field list'
[04:08:16:063634 -07:00] [Thread 17108] extDB3: SQL: Error MariaDBQueryException: Input: insertOrUpdatePlayerInfo:76561198009454590:BountyKills='[]',Bounty=0,BankMoney=0:BountyKills=VALUES(BountyKills),Bounty=VALUES(Bounty),BankMoney=VALUES(BankMoney)
[04:08:16:342180 -07:00] [Thread 17108] extDB3: SQL: Error MariaDBQueryException: Unknown column 'BountyKills' in 'field list'
[04:08:16:342228 -07:00] [Thread 17108] extDB3: SQL: Error MariaDBQueryException: Input: insertOrUpdatePlayerInfo:76561198009454590:BountyKills='[]',Bounty=0,BankMoney=0:BountyKills=VALUES(BountyKills),Bounty=VALUES(Bounty),BankMoney=VALUES(BankMoney)
[04:08:42:595911 -07:00] [Thread 17108] extDB3: SQL: Error MariaDBQueryException: Unknown column 'BountyKills' in 'field list'
[04:08:42:595968 -07:00] [Thread 17108] extDB3: SQL: Error MariaDBQueryException: Input: insertOrUpdatePlayerInfo:76561198045733799:BountyKills='[]',Bounty=0,BankMoney=1000000:BountyKills=VALUES(BountyKills),Bounty=VALUES(Bounty),BankMoney=VALUES(BankMoney)
[04:09:16:411942 -07:00] [Thread 17152] extDB3: SQL: Error MariaDBQueryException: Unknown column 'BountyKills' in 'field list'
[04:09:16:411996 -07:00] [Thread 17152] extDB3: SQL: Error MariaDBQueryException: Input: insertOrUpdatePlayerInfo:76561198009454590:BountyKills='[]',Bounty=0,BankMoney=0:BountyKills=VALUES(BountyKills),Bounty=VALUES(Bounty),BankMoney=VALUES(BankMoney)
[04:09:42:682926 -07:00] [Thread 17108] extDB3: SQL: Error MariaDBQueryException: Unknown column 'BountyKills' in 'field list'
[04:09:42:682978 -07:00] [Thread 17108] extDB3: SQL: Error MariaDBQueryException: Input: insertOrUpdatePlayerInfo:76561198045733799:BountyKills='[]',Bounty=0,BankMoney=1000000:BountyKills=VALUES(BountyKills),Bounty=VALUES(Bounty),BankMoney=VALUES(BankMoney)
[04:10:16:565434 -07:00] [Thread 17152] extDB3: SQL: Error MariaDBQueryException: Unknown column 'BountyKills' in 'field list'
[04:10:16:565485 -07:00] [Thread 17152] extDB3: SQL: Error MariaDBQueryException: Input: insertOrUpdatePlayerInfo:76561198009454590:BountyKills='[]',Bounty=0,BankMoney=0:BountyKills=VALUES(BountyKills),Bounty=VALUES(Bounty),BankMoney=VALUES(BankMoney)
[04:11:00:028768 -07:00] [Thread 17108] extDB3: SQL: Error MariaDBQueryException: Unknown column 'BountyKills' in 'field list'
[04:11:00:028827 -07:00] [Thread 17108] extDB3: SQL: Error MariaDBQueryException: Input: insertOrUpdatePlayerInfo:76561198009454590:BountyKills='[]',Bounty=0,BankMoney=0:BountyKills=VALUES(BountyKills),Bounty=VALUES(Bounty),BankMoney=VALUES(BankMoney)
[04:11:11:505824 -07:00] [Thread 17152] extDB3: SQL: Error MariaDBQueryException: Unknown column 'BountyKills' in 'field list'
[04:11:11:505875 -07:00] [Thread 17152] extDB3: SQL: Error MariaDBQueryException: Input: insertOrUpdatePlayerInfo:76561198045733799:BountyKills='[]',Bounty=0,BankMoney=1000000:BountyKills=VALUES(BountyKills),Bounty=VALUES(Bounty),BankMoney=VALUES(BankMoney)
[04:11:16:664844 -07:00] [Thread 17108] extDB3: SQL: Error MariaDBQueryException: Unknown column 'BountyKills' in 'field list'
[04:11:16:664892 -07:00] [Thread 17108] extDB3: SQL: Error MariaDBQueryException: Input: insertOrUpdatePlayerInfo:76561198009454590:BountyKills='[]',Bounty=0,BankMoney=0:BountyKills=VALUES(BountyKills),Bounty=VALUES(Bounty),BankMoney=VALUES(BankMoney)
[04:11:42:922329 -07:00] [Thread 17108] extDB3: SQL: Error MariaDBQueryException: Unknown column 'BountyKills' in 'field list'
[04:11:42:922378 -07:00] [Thread 17108] extDB3: SQL: Error MariaDBQueryException: Input: insertOrUpdatePlayerInfo:76561198045733799:BountyKills='[]',Bounty=0,BankMoney=1000000:BountyKills=VALUES(BountyKills),Bounty=VALUES(Bounty),BankMoney=VALUES(BankMoney)
[04:12:16:812891 -07:00] [Thread 17152] extDB3: SQL: Error MariaDBQueryException: Unknown column 'BountyKills' in 'field list'
[04:12:16:812950 -07:00] [Thread 17152] extDB3: SQL: Error MariaDBQueryException: Input: insertOrUpdatePlayerInfo:76561198009454590:BountyKills='[]',Bounty=0,BankMoney=0:BountyKills=VALUES(BountyKills),Bounty=VALUES(Bounty),BankMoney=VALUES(BankMoney)
[04:12:43:471464 -07:00] [Thread 17108] extDB3: SQL: Error MariaDBQueryException: Unknown column 'BountyKills' in 'field list'
[04:12:43:471522 -07:00] [Thread 17108] extDB3: SQL: Error MariaDBQueryException: Input: insertOrUpdatePlayerInfo:76561198045733799:BountyKills='[]',Bounty=0,BankMoney=1000000:BountyKills=VALUES(BountyKills),Bounty=VALUES(Bounty),BankMoney=VALUES(BankMoney)
[04:13:16:983187 -07:00] [Thread 17152] extDB3: SQL: Error MariaDBQueryException: Unknown column 'BountyKills' in 'field list'
[04:13:16:983243 -07:00] [Thread 17152] extDB3: SQL: Error MariaDBQueryException: Input: insertOrUpdatePlayerInfo:76561198009454590:BountyKills='[]',Bounty=0,BankMoney=0:BountyKills=VALUES(BountyKills),Bounty=VALUES(Bounty),BankMoney=VALUES(BankMoney)
[04:14:17:080559 -07:00] [Thread 17108] extDB3: SQL: Error MariaDBQueryException: Unknown column 'BountyKills' in 'field list'
[04:14:17:080631 -07:00] [Thread 17108] extDB3: SQL: Error MariaDBQueryException: Input: insertOrUpdatePlayerInfo:76561198009454590:BountyKills='[]',Bounty=0,BankMoney=0:BountyKills=VALUES(BountyKills),Bounty=VALUES(Bounty),BankMoney=VALUES(BankMoney)
[04:14:20:805885 -07:00] [Thread 17152] extDB3: SQL_CUSTOM: Error No Custom Call Not Found: Input String newServerVehicleMOD:1:1
[04:14:20:805929 -07:00] [Thread 17152] extDB3: SQL_CUSTOM: Error No Custom Call Not Found: Callname newServerVehicleMOD
[04:14:20:830519 -07:00] [Thread 17152] extDB3: SQL_CUSTOM: Error No Custom Call Not Found: Input String updateServerVehicleMOD:<null>:Class='"C_Hatchback_01_sport_F"',Position='["2314.012207","6339.358887","1.634308"]',Direction='[[0.207764,0.944569,0.254211],[-0.0716377,-0.244492,0.967001]]',Velocity='[0,0,0]',Fuel=0.246318,Damage=0.488189,HitPoints='[["hitlfwheel",0],["hitlf2wheel",0],["hitrfwheel",0],["hitrf2wheel",0],["hitfuel",0.488189],["hitengine",0.488189],["hitbody",0.488189],["hitglass1",0.488189],["hitglass2",0.488189],["hitglass3",0.488189],["hitglass4",0.488189],["hitrglass",0.488189],["hitlglass",0.488189],["hitglass5",0.488189],["hitglass6",0.488189],["hitlbwheel",0],["hitlmwheel",0],["hitrbwheel",0],["hitrmwheel",0],["hithull",0.488189],["#light_l",0.488189],["#light_l",0.488189],["#light_r",0.488189],["#light_l",0.488189]]',AnimPhases='[]',OwnerUID='"76561198009454590"',LockState=1,Variables='[["A3W_purchasedVehicle",true]]',Textures='[["a3\\soft_f_gamma\\hatchback_01\\data\\hatchback_01_ext_sport03_co.paa",[0]]]',Weapons='[["Binocular",1],["SMG_02_F",1]]',Magazines='[["30Rnd_9x21_Mag_SMG_02",3]]',Items='[["FirstAidKit",1],["optic_ico_01_black_f",1],["muzzle_snds_H_MG",1],["optic_Holosight",1]]',Backpacks='[]',TurretMagazines='[]',TurretMagazines2='[]',TurretMagazines3='[]',AmmoCargo=-1,FuelCargo=-1,RepairCargo=-1,Flying=0,Parked=1
[04:14:20:830571 -07:00] [Thread 17152] extDB3: SQL_CUSTOM: Error No Custom Call Not Found: Callname updateServerVehicleMOD
[04:14:43:905407 -07:00] [Thread 17152] extDB3: SQL: Error MariaDBQueryException: Unknown column 'BountyKills' in 'field list'
[04:14:43:905454 -07:00] [Thread 17152] extDB3: SQL: Error MariaDBQueryException: Input: insertOrUpdatePlayerInfo:76561198045733799:BountyKills='[]',Bounty=0,BankMoney=1000000:BountyKills=VALUES(BountyKills),Bounty=VALUES(Bounty),BankMoney=VALUES(BankMoney)
[04:14:56:887742 -07:00] [Thread 17108] extDB3: SQL_CUSTOM: Error No Custom Call Not Found: Input String newServerVehicleMOD:1:1
[04:14:56:887791 -07:00] [Thread 17108] extDB3: SQL_CUSTOM: Error No Custom Call Not Found: Callname newServerVehicleMOD
[04:14:56:910692 -07:00] [Thread 17108] extDB3: SQL_CUSTOM: Error No Custom Call Not Found: Input String updateServerVehicleMOD:<null>:Class='"C_Hatchback_01_sport_F"',Position='["2314.012207","6339.358887","1.634308"]',Direction='[[0.207764,0.944569,0.254211],[-0.0716377,-0.244492,0.967001]]',Velocity='[0,0,0]',Fuel=0.246318,Damage=0.488189,HitPoints='[["hitlfwheel",0],["hitlf2wheel",0],["hitrfwheel",0],["hitrf2wheel",0],["hitfuel",0.488189],["hitengine",0.488189],["hitbody",0.488189],["hitglass1",0.488189],["hitglass2",0.488189],["hitglass3",0.488189],["hitglass4",0.488189],["hitrglass",0.488189],["hitlglass",0.488189],["hitglass5",0.488189],["hitglass6",0.488189],["hitlbwheel",0],["hitlmwheel",0],["hitrbwheel",0],["hitrmwheel",0],["hithull",0.488189],["#light_l",0.488189],["#light_l",0.488189],["#light_r",0.488189],["#light_l",0.488189]]',AnimPhases='[]',OwnerUID='"76561198009454590"',LockState=1,Variables='[["A3W_purchasedVehicle",true]]',Textures='[["a3\\soft_f_gamma\\hatchback_01\\data\\hatchback_01_ext_sport03_co.paa",[0]]]',Weapons='[["Binocular",1],["SMG_02_F",1]]',Magazines='[["30Rnd_9x21_Mag_SMG_02",3]]',Items='[["FirstAidKit",1],["optic_ico_01_black_f",1],["muzzle_snds_H_MG",1],["optic_Holosight",1]]',Backpacks='[]',TurretMagazines='[]',TurretMagazines2='[]',TurretMagazines3='[]',AmmoCargo=-1,FuelCargo=-1,RepairCargo=-1,Flying=0,Parked=1
[04:14:56:910736 -07:00] [Thread 17108] extDB3: SQL_CUSTOM: Error No Custom Call Not Found: Callname updateServerVehicleMOD
[04:15:17:217391 -07:00] [Thread 17108] extDB3: SQL: Error MariaDBQueryException: Unknown column 'BountyKills' in 'field list'
[04:15:17:217537 -07:00] [Thread 17108] extDB3: SQL: Error MariaDBQueryException: Input: insertOrUpdatePlayerInfo:76561198009454590:BountyKills='[]',Bounty=0,BankMoney=0:BountyKills=VALUES(BountyKills),Bounty=VALUES(Bounty),BankMoney=VALUES(BankMoney)
[04:16:17:939965 -07:00] [Thread 17152] extDB3: SQL: Error MariaDBQueryException: Unknown column 'BountyKills' in 'field list'
[04:16:17:940007 -07:00] [Thread 17152] extDB3: SQL: Error MariaDBQueryException: Input: insertOrUpdatePlayerInfo:76561198009454590:BountyKills='[]',Bounty=0,BankMoney=0:BountyKills=VALUES(BountyKills),Bounty=VALUES(Bounty),BankMoney=VALUES(BankMoney)
[04:16:44:134455 -07:00] [Thread 17108] extDB3: SQL: Error MariaDBQueryException: Unknown column 'BountyKills' in 'field list'
[04:16:44:134493 -07:00] [Thread 17108] extDB3: SQL: Error MariaDBQueryException: Input: insertOrUpdatePlayerInfo:76561198045733799:BountyKills='[]',Bounty=0,BankMoney=1000000:BountyKills=VALUES(BountyKills),Bounty=VALUES(Bounty),BankMoney=VALUES(BankMoney)
[04:17:22:806697 -07:00] [Thread 17108] extDB3: SQL_CUSTOM: Error No Custom Call Not Found: Input String insertOrUpdatePlayerStorageMOD:76561198045733799:1:Weapons='[["SMG_02_F",1],["hgun_Rook40_F",1]]',Magazines='[["SmokeShellPurple",2],["16Rnd_9x21_Mag",3],["HandGrenade",1],["30Rnd_9x21_Mag_SMG_02",5]]',Items='[["FirstAidKit",1],["V_Chestrig_rgr",1],["U_B_CombatUniform_mcam_tshirt",1],["Medikit",1],["optic_Holosight",1]]',Backpacks='[["B_AssaultPack_khk",1]]':Weapons=VALUES(Weapons),Magazines=VALUES(Magazines),Items=VALUES(Items),Backpacks=VALUES(Backpacks)
[04:17:22:806744 -07:00] [Thread 17108] extDB3: SQL_CUSTOM: Error No Custom Call Not Found: Callname insertOrUpdatePlayerStorageMOD
[04:17:22:807072 -07:00] [Thread 17152] extDB3: SQL: Error MariaDBQueryException: Unknown column 'BountyKills' in 'field list'
[04:17:22:807089 -07:00] [Thread 17152] extDB3: SQL: Error MariaDBQueryException: Input: insertOrUpdatePlayerInfo:76561198045733799:BountyKills='[]',Bounty=0,BankMoney=1000000:BountyKills=VALUES(BountyKills),Bounty=VALUES(Bounty),BankMoney=VALUES(BankMoney)
[04:17:25:053993 -07:00] [Thread 17152] extDB3: SQL: Error MariaDBQueryException: Unknown column 'BountyKills' in 'field list'
[04:17:25:054035 -07:00] [Thread 17152] extDB3: SQL: Error MariaDBQueryException: Input: insertOrUpdatePlayerInfo:76561198045733799:BountyKills='[]',Bounty=0,BankMoney=1000000:BountyKills=VALUES(BountyKills),Bounty=VALUES(Bounty),BankMoney=VALUES(BankMoney)
