
extDB3: https://bitbucket.org/torndeco/extdb3/wiki/Home
extDB3: Version: 1.031
extDB3: Windows Version
Message: All development for extDB3 is done on a Linux Dedicated Server
Message: If you would like to Donate to extDB3 Development
Message: https://www.paypal.com/cgi-bin/webscr?cmd=_s-xclick&hosted_button_id=2SUEFTGABTAM2
Message: Also leave a message if there is any particular feature you would like to see added.
Message: Thanks for all the people that have donated.
Message: Torndeco: 18/05/15


extDB3: Found extdb3-conf.ini
extDB3: Detected 24 Cores, Setting up 6 Worker Threads
extDB3: ...
extDB3: ...
extDB3: ...
extDB3: ...
extDB3: ...
extDB3: ...


[23:41:11:718609 -07:00] [Thread 18468] extDB3: Config Error: A3W: No such node (A3W.IP)
[23:41:11:804902 -07:00] [Thread 18468] extDB3: SQL_CUSTOM: No Database Connection: A3W
[23:41:11:804947 -07:00] [Thread 18468] extDB3: Failed to Load Protocol: SQL_CUSTOM
